INFO  @ Wed, 16 Apr 2025 11:08:26: Parameters: /tscc/nfs/home/a5russell/mambaforge/envs/NEP/bin/mageck test -k Results/mageckInputSecondary.txt -t RNA_1,RNA_2,RNA_3 -c DNA_1,DNA_2,DNA_3 --paired --norm-method control --control-sgrna Results/nontargetSecondary.txt -n Results/mageckInputSecondary 
INFO  @ Wed, 16 Apr 2025 11:08:26: Welcome to MAGeCK v0.5.9.5. Command: test 
INFO  @ Wed, 16 Apr 2025 11:08:26: Loading count table from Results/mageckInputSecondary.txt  
INFO  @ Wed, 16 Apr 2025 11:08:26: Processing 1 lines.. 
DEBUG @ Wed, 16 Apr 2025 11:08:26: Parsing error in line 1 (usually the header line). Skip this line. 
INFO  @ Wed, 16 Apr 2025 11:08:26: Loaded 742 records. 
INFO  @ Wed, 16 Apr 2025 11:08:26: 94 out of 94 control sgRNAs are found in count table. 
INFO  @ Wed, 16 Apr 2025 11:08:26: Loading Rnw template file: /tscc/nfs/home/a5russell/mambaforge/envs/NEP/lib/python3.12/site-packages/mageck/test_report.Rmd. 
DEBUG @ Wed, 16 Apr 2025 11:08:26: Setting up the visualization module... 
INFO  @ Wed, 16 Apr 2025 11:08:26: Loading R template file: /tscc/nfs/home/a5russell/mambaforge/envs/NEP/lib/python3.12/site-packages/mageck/plot_template.RTemplate. 
INFO  @ Wed, 16 Apr 2025 11:08:26: Loading R template file: /tscc/nfs/home/a5russell/mambaforge/envs/NEP/lib/python3.12/site-packages/mageck/plot_template_indvgene.RTemplate. 
INFO  @ Wed, 16 Apr 2025 11:08:26: Loading Rnw template file: /tscc/nfs/home/a5russell/mambaforge/envs/NEP/lib/python3.12/site-packages/mageck/plot_template.Rnw. 
DEBUG @ Wed, 16 Apr 2025 11:08:26: Setting up the visualization module... 
DEBUG @ Wed, 16 Apr 2025 11:08:26: Given sample labels: RNA_1,RNA_2,RNA_3 
DEBUG @ Wed, 16 Apr 2025 11:08:26: Converted index: 1 3 5 
INFO  @ Wed, 16 Apr 2025 11:08:26: Treatment samples:RNA_1,RNA_2,RNA_3 
INFO  @ Wed, 16 Apr 2025 11:08:26: Treatment sample index:1,3,5 
DEBUG @ Wed, 16 Apr 2025 11:08:26: Given sample labels: DNA_1,DNA_2,DNA_3 
DEBUG @ Wed, 16 Apr 2025 11:08:26: Converted index: 0 2 4 
INFO  @ Wed, 16 Apr 2025 11:08:26: Control samples:DNA_1,DNA_2,DNA_3 
INFO  @ Wed, 16 Apr 2025 11:08:26: Control sample index:0,2,4 
INFO  @ Wed, 16 Apr 2025 11:08:26: Loaded 94 control sgRNAs from Results/nontargetSecondary.txt 
INFO  @ Wed, 16 Apr 2025 11:08:26: control sgRNAs for normalization:94 
DEBUG @ Wed, 16 Apr 2025 11:08:26: Initial (total) size factor: 0.9063759470903221 1.0207853226366665 0.993500445839868 1.0923137975987656 0.9754390666269479 1.0310789165008998 
DEBUG @ Wed, 16 Apr 2025 11:08:26: Median factor: 0.9753992745086244 0.9254820805043112 0.9340641576475417 1.15696786497287 0.875074011005148 1.0100623265528192 
INFO  @ Wed, 16 Apr 2025 11:08:26: Final size factor: 0.9753992745086244 0.9254820805043112 0.9340641576475417 1.15696786497287 0.875074011005148 1.0100623265528192 
INFO  @ Wed, 16 Apr 2025 11:08:26: The updated negative control ID file is:Results/mageckInputSecondary.negctrl_ids.txt 
INFO  @ Wed, 16 Apr 2025 11:08:26: Detecting outliers from variance estimation.. Avg read count:[59472.21711011646], Var: [3865813332.9748397] 
INFO  @ Wed, 16 Apr 2025 11:08:26: Skipping 22 sgRNAs from variance calculation because of their extreme high counts (> 4* STD (mean counts) ). 
DEBUG @ Wed, 16 Apr 2025 11:08:26: Adjusted model: 1.4888551770760075	0 
INFO  @ Wed, 16 Apr 2025 11:08:26: Before RRA, 0 sgRNAs are removed with zero counts in both group(s). 
INFO  @ Wed, 16 Apr 2025 11:08:26: Use qnorm to reversely calculate sgRNA scores ... 
DEBUG @ Wed, 16 Apr 2025 11:08:26: lower test FDR cutoff: 0.29469901168014373 
DEBUG @ Wed, 16 Apr 2025 11:08:26: higher test FDR cutoff: 0.44025157232704404 
INFO  @ Wed, 16 Apr 2025 11:08:26: Running command: RRA -i Results/mageckInputSecondary.plow.txt -o Results/mageckInputSecondary.gene.low.txt -p 0.29469901168014373 --control Results/mageckInputSecondary.negctrl_ids.txt --skip-gene NA --skip-gene na  
INFO  @ Wed, 16 Apr 2025 11:08:26: Command message: 
INFO  @ Wed, 16 Apr 2025 11:08:26:   Welcome to RRA v 0.5.9. 
INFO  @ Wed, 16 Apr 2025 11:08:26:   283 control sequences loaded. 
INFO  @ Wed, 16 Apr 2025 11:08:26:   Skipping gene NA for permutation ... 
INFO  @ Wed, 16 Apr 2025 11:08:26:   Skipping gene na for permutation ... 
INFO  @ Wed, 16 Apr 2025 11:08:26:   Reading input file... 
INFO  @ Wed, 16 Apr 2025 11:08:26:   Summary: 2226 sgRNAs, 310 genes, 1 lists; skipped sgRNAs:0 
INFO  @ Wed, 16 Apr 2025 11:08:26:   Computing lo-values for each group... 
INFO  @ Wed, 16 Apr 2025 11:08:26:   Skipping gene NonTargetingControlGuideForHuman_0273 for permutation ... 
INFO  @ Wed, 16 Apr 2025 11:08:26:   Skipping gene NonTargetingControlGuideForHuman_0960 for permutation ... 
INFO  @ Wed, 16 Apr 2025 11:08:26:   Skipping gene NonTargetingControlGuideForHuman_0151 for permutation ... 
INFO  @ Wed, 16 Apr 2025 11:08:26:   Skipping gene NonTargetingControlGuideForHuman_0302 for permutation ... 
INFO  @ Wed, 16 Apr 2025 11:08:26:   Skipping gene NonTargetingControlGuideForHuman_0961 for permutation ... 
INFO  @ Wed, 16 Apr 2025 11:08:26:   Skipping gene NonTargetingControlGuideForHuman_0731 for permutation ... 
INFO  @ Wed, 16 Apr 2025 11:08:26:   Skipping gene NonTargetingControlGuideForHuman_0280 for permutation ... 
INFO  @ Wed, 16 Apr 2025 11:08:26:   Skipping gene NonTargetingControlGuideForHuman_0462 for permutation ... 
INFO  @ Wed, 16 Apr 2025 11:08:26:   Skipping gene NonTargetingControlGuideForHuman_0483 for permutation ... 
INFO  @ Wed, 16 Apr 2025 11:08:26:   Skipping gene NonTargetingControlGuideForHuman_0319 for permutation ... 
INFO  @ Wed, 16 Apr 2025 11:08:26:   Skipping gene NonTargetingControlGuideForHuman_0580 for permutation ... 
INFO  @ Wed, 16 Apr 2025 11:08:26:   Skipping gene NonTargetingControlGuideForHuman_0798 for permutation ... 
INFO  @ Wed, 16 Apr 2025 11:08:26:   Skipping gene NonTargetingControlGuideForHuman_0379 for permutation ... 
INFO  @ Wed, 16 Apr 2025 11:08:26:   Skipping gene NonTargetingControlGuideForHuman_0693 for permutation ... 
INFO  @ Wed, 16 Apr 2025 11:08:26:   Skipping gene NonTargetingControlGuideForHuman_0784 for permutation ... 
INFO  @ Wed, 16 Apr 2025 11:08:26:   Skipping gene NonTargetingControlGuideForHuman_0438 for permutation ... 
INFO  @ Wed, 16 Apr 2025 11:08:26:   Skipping gene NonTargetingControlGuideForHuman_0251 for permutation ... 
INFO  @ Wed, 16 Apr 2025 11:08:26:   Skipping gene NonTargetingControlGuideForHuman_0414 for permutation ... 
INFO  @ Wed, 16 Apr 2025 11:08:26:   Skipping gene NonTargetingControlGuideForHuman_0341 for permutation ... 
INFO  @ Wed, 16 Apr 2025 11:08:26:   Skipping gene NonTargetingControlGuideForHuman_0468 for permutation ... 
INFO  @ Wed, 16 Apr 2025 11:08:26:   Skipping gene NonTargetingControlGuideForHuman_0113 for permutation ... 
INFO  @ Wed, 16 Apr 2025 11:08:26:   Skipping gene NonTargetingControlGuideForHuman_0670 for permutation ... 
INFO  @ Wed, 16 Apr 2025 11:08:26:   Skipping gene NonTargetingControlGuideForHuman_0495 for permutation ... 
INFO  @ Wed, 16 Apr 2025 11:08:26:   Skipping gene NonTargetingControlGuideForHuman_0950 for permutation ... 
INFO  @ Wed, 16 Apr 2025 11:08:26:   Skipping gene NonTargetingControlGuideForHuman_0651 for permutation ... 
INFO  @ Wed, 16 Apr 2025 11:08:26:   Skipping gene NonTargetingControlGuideForHuman_0296 for permutation ... 
INFO  @ Wed, 16 Apr 2025 11:08:26:   Skipping gene NonTargetingControlGuideForHuman_0843 for permutation ... 
INFO  @ Wed, 16 Apr 2025 11:08:26:   Skipping gene NonTargetingControlGuideForHuman_0998 for permutation ... 
INFO  @ Wed, 16 Apr 2025 11:08:26:   Skipping gene NonTargetingControlGuideForHuman_0228 for permutation ... 
INFO  @ Wed, 16 Apr 2025 11:08:26:   Skipping gene NonTargetingControlGuideForHuman_0535 for permutation ... 
INFO  @ Wed, 16 Apr 2025 11:08:26:   Skipping gene NonTargetingControlGuideForHuman_0284 for permutation ... 
INFO  @ Wed, 16 Apr 2025 11:08:26:   Skipping gene NonTargetingControlGuideForHuman_0830 for permutation ... 
INFO  @ Wed, 16 Apr 2025 11:08:26:   Skipping gene NonTargetingControlGuideForHuman_0622 for permutation ... 
INFO  @ Wed, 16 Apr 2025 11:08:26:   Skipping gene NonTargetingControlGuideForHuman_0267 for permutation ... 
INFO  @ Wed, 16 Apr 2025 11:08:26:   Skipping gene NonTargetingControlGuideForHuman_0426 for permutation ... 
INFO  @ Wed, 16 Apr 2025 11:08:26:   Skipping gene NonTargetingControlGuideForHuman_0125 for permutation ... 
INFO  @ Wed, 16 Apr 2025 11:08:26:   Skipping gene NonTargetingControlGuideForHuman_0878 for permutation ... 
INFO  @ Wed, 16 Apr 2025 11:08:26:   Skipping gene NonTargetingControlGuideForHuman_0396 for permutation ... 
INFO  @ Wed, 16 Apr 2025 11:08:26:   Skipping gene NonTargetingControlGuideForHuman_0107 for permutation ... 
INFO  @ Wed, 16 Apr 2025 11:08:26:   Skipping gene NonTargetingControlGuideForHuman_0990 for permutation ... 
INFO  @ Wed, 16 Apr 2025 11:08:26:   Skipping gene NonTargetingControlGuideForHuman_0706 for permutation ... 
INFO  @ Wed, 16 Apr 2025 11:08:26:   Skipping gene NonTargetingControlGuideForHuman_0563 for permutation ... 
INFO  @ Wed, 16 Apr 2025 11:08:26:   Skipping gene NonTargetingControlGuideForHuman_0988 for permutation ... 
INFO  @ Wed, 16 Apr 2025 11:08:26:   Skipping gene NonTargetingControlGuideForHuman_0532 for permutation ... 
INFO  @ Wed, 16 Apr 2025 11:08:26:   Skipping gene NonTargetingControlGuideForHuman_0627 for permutation ... 
INFO  @ Wed, 16 Apr 2025 11:08:26:   Skipping gene NonTargetingControlGuideForHuman_0028 for permutation ... 
INFO  @ Wed, 16 Apr 2025 11:08:26:   Skipping gene NonTargetingControlGuideForHuman_0041 for permutation ... 
INFO  @ Wed, 16 Apr 2025 11:08:26:   Skipping gene NonTargetingControlGuideForHuman_0397 for permutation ... 
INFO  @ Wed, 16 Apr 2025 11:08:26:   Skipping gene NonTargetingControlGuideForHuman_0932 for permutation ... 
INFO  @ Wed, 16 Apr 2025 11:08:26:   Skipping gene NonTargetingControlGuideForHuman_0743 for permutation ... 
INFO  @ Wed, 16 Apr 2025 11:08:26:   Skipping gene NonTargetingControlGuideForHuman_0060 for permutation ... 
INFO  @ Wed, 16 Apr 2025 11:08:26:   Skipping gene NonTargetingControlGuideForHuman_0605 for permutation ... 
INFO  @ Wed, 16 Apr 2025 11:08:26:   Skipping gene NonTargetingControlGuideForHuman_0366 for permutation ... 
INFO  @ Wed, 16 Apr 2025 11:08:26:   Skipping gene NonTargetingControlGuideForHuman_0752 for permutation ... 
INFO  @ Wed, 16 Apr 2025 11:08:26:   Skipping gene NonTargetingControlGuideForHuman_0367 for permutation ... 
INFO  @ Wed, 16 Apr 2025 11:08:26:   Skipping gene NonTargetingControlGuideForHuman_0104 for permutation ... 
INFO  @ Wed, 16 Apr 2025 11:08:26:   Skipping gene NonTargetingControlGuideForHuman_0193 for permutation ... 
INFO  @ Wed, 16 Apr 2025 11:08:26:   Skipping gene NonTargetingControlGuideForHuman_0603 for permutation ... 
INFO  @ Wed, 16 Apr 2025 11:08:26:   Skipping gene NonTargetingControlGuideForHuman_0145 for permutation ... 
INFO  @ Wed, 16 Apr 2025 11:08:26:   Skipping gene NonTargetingControlGuideForHuman_0947 for permutation ... 
INFO  @ Wed, 16 Apr 2025 11:08:26:   Skipping gene NonTargetingControlGuideForHuman_0816 for permutation ... 
INFO  @ Wed, 16 Apr 2025 11:08:26:   Skipping gene NonTargetingControlGuideForHuman_0598 for permutation ... 
INFO  @ Wed, 16 Apr 2025 11:08:26:   Skipping gene NonTargetingControlGuideForHuman_0245 for permutation ... 
INFO  @ Wed, 16 Apr 2025 11:08:26:   Skipping gene NonTargetingControlGuideForHuman_0141 for permutation ... 
INFO  @ Wed, 16 Apr 2025 11:08:26:   Skipping gene NonTargetingControlGuideForHuman_0268 for permutation ... 
INFO  @ Wed, 16 Apr 2025 11:08:26:   Skipping gene NonTargetingControlGuideForHuman_0716 for permutation ... 
INFO  @ Wed, 16 Apr 2025 11:08:26:   Skipping gene NonTargetingControlGuideForHuman_0871 for permutation ... 
INFO  @ Wed, 16 Apr 2025 11:08:26:   Skipping gene NonTargetingControlGuideForHuman_0244 for permutation ... 
INFO  @ Wed, 16 Apr 2025 11:08:26:   Skipping gene NonTargetingControlGuideForHuman_0924 for permutation ... 
INFO  @ Wed, 16 Apr 2025 11:08:26:   Skipping gene NonTargetingControlGuideForHuman_0614 for permutation ... 
INFO  @ Wed, 16 Apr 2025 11:08:26:   Skipping gene NonTargetingControlGuideForHuman_0230 for permutation ... 
INFO  @ Wed, 16 Apr 2025 11:08:26:   Skipping gene NonTargetingControlGuideForHuman_0418 for permutation ... 
INFO  @ Wed, 16 Apr 2025 11:08:26:   Skipping gene NonTargetingControlGuideForHuman_0184 for permutation ... 
INFO  @ Wed, 16 Apr 2025 11:08:26:   Skipping gene NonTargetingControlGuideForHuman_0375 for permutation ... 
INFO  @ Wed, 16 Apr 2025 11:08:26:   Skipping gene NonTargetingControlGuideForHuman_0126 for permutation ... 
INFO  @ Wed, 16 Apr 2025 11:08:26:   Skipping gene NonTargetingControlGuideForHuman_0788 for permutation ... 
INFO  @ Wed, 16 Apr 2025 11:08:26:   Skipping gene NonTargetingControlGuideForHuman_0610 for permutation ... 
INFO  @ Wed, 16 Apr 2025 11:08:26:   Skipping gene NonTargetingControlGuideForHuman_0596 for permutation ... 
INFO  @ Wed, 16 Apr 2025 11:08:26:   Skipping gene NonTargetingControlGuideForHuman_0271 for permutation ... 
INFO  @ Wed, 16 Apr 2025 11:08:26:   Skipping gene NonTargetingControlGuideForHuman_0139 for permutation ... 
INFO  @ Wed, 16 Apr 2025 11:08:26:   Skipping gene NonTargetingControlGuideForHuman_0343 for permutation ... 
INFO  @ Wed, 16 Apr 2025 11:08:26:   Skipping gene NonTargetingControlGuideForHuman_0003 for permutation ... 
INFO  @ Wed, 16 Apr 2025 11:08:26:   Skipping gene NonTargetingControlGuideForHuman_0639 for permutation ... 
INFO  @ Wed, 16 Apr 2025 11:08:26:   Skipping gene NonTargetingControlGuideForHuman_0742 for permutation ... 
INFO  @ Wed, 16 Apr 2025 11:08:26:   Skipping gene NonTargetingControlGuideForHuman_0831 for permutation ... 
INFO  @ Wed, 16 Apr 2025 11:08:26:   Skipping gene NonTargetingControlGuideForHuman_0102 for permutation ... 
INFO  @ Wed, 16 Apr 2025 11:08:26:   Skipping gene NonTargetingControlGuideForHuman_0277 for permutation ... 
INFO  @ Wed, 16 Apr 2025 11:08:26:   Skipping gene NonTargetingControlGuideForHuman_0557 for permutation ... 
INFO  @ Wed, 16 Apr 2025 11:08:26:   Skipping gene NonTargetingControlGuideForHuman_0290 for permutation ... 
INFO  @ Wed, 16 Apr 2025 11:08:26:   Skipping gene NonTargetingControlGuideForHuman_0043 for permutation ... 
INFO  @ Wed, 16 Apr 2025 11:08:26:   Skipping gene NonTargetingControlGuideForHuman_0052 for permutation ... 
INFO  @ Wed, 16 Apr 2025 11:08:26:   Skipping gene NonTargetingControlGuideForHuman_0432 for permutation ... 
INFO  @ Wed, 16 Apr 2025 11:08:26:   Skipping gene NonTargetingControlGuideForHuman_0316 for permutation ... 
INFO  @ Wed, 16 Apr 2025 11:08:26:   Skipping gene NonTargetingControlGuideForHuman_0374 for permutation ... 
INFO  @ Wed, 16 Apr 2025 11:08:26:   Warning: sgRNA  not found in the ranked list.  
INFO  @ Wed, 16 Apr 2025 11:08:26:   Computing false discovery rate... 
INFO  @ Wed, 16 Apr 2025 11:08:26:   Increase the number of permutations to 323 to get precise p values. To avoid this, use the --permutation option. 
INFO  @ Wed, 16 Apr 2025 11:08:26:   Total # control sgRNAs: 282 
INFO  @ Wed, 16 Apr 2025 11:08:26:   Permuting genes with 9 sgRNAs... 
INFO  @ Wed, 16 Apr 2025 11:08:26:   Number of genes under FDR adjustment: 310 
INFO  @ Wed, 16 Apr 2025 11:08:26:   Saving to output file... 
INFO  @ Wed, 16 Apr 2025 11:08:26:   Suppressing the output of gene NonTargetingControlGuideForHuman_0273 since it is negative ontrol genes. 
INFO  @ Wed, 16 Apr 2025 11:08:26:   Suppressing the output of gene NonTargetingControlGuideForHuman_0961 since it is negative ontrol genes. 
INFO  @ Wed, 16 Apr 2025 11:08:26:   Suppressing the output of gene NonTargetingControlGuideForHuman_0960 since it is negative ontrol genes. 
INFO  @ Wed, 16 Apr 2025 11:08:26:   Suppressing the output of gene NonTargetingControlGuideForHuman_0151 since it is negative ontrol genes. 
INFO  @ Wed, 16 Apr 2025 11:08:26:   Suppressing the output of gene NonTargetingControlGuideForHuman_0693 since it is negative ontrol genes. 
INFO  @ Wed, 16 Apr 2025 11:08:26:   Suppressing the output of gene NonTargetingControlGuideForHuman_0438 since it is negative ontrol genes. 
INFO  @ Wed, 16 Apr 2025 11:08:26:   Suppressing the output of gene NonTargetingControlGuideForHuman_0302 since it is negative ontrol genes. 
INFO  @ Wed, 16 Apr 2025 11:08:26:   Suppressing the output of gene NonTargetingControlGuideForHuman_0798 since it is negative ontrol genes. 
INFO  @ Wed, 16 Apr 2025 11:08:26:   Suppressing the output of gene NonTargetingControlGuideForHuman_0950 since it is negative ontrol genes. 
INFO  @ Wed, 16 Apr 2025 11:08:26:   Suppressing the output of gene NonTargetingControlGuideForHuman_0414 since it is negative ontrol genes. 
INFO  @ Wed, 16 Apr 2025 11:08:26:   Suppressing the output of gene NonTargetingControlGuideForHuman_0580 since it is negative ontrol genes. 
INFO  @ Wed, 16 Apr 2025 11:08:26:   Suppressing the output of gene NonTargetingControlGuideForHuman_0319 since it is negative ontrol genes. 
INFO  @ Wed, 16 Apr 2025 11:08:26:   Suppressing the output of gene NonTargetingControlGuideForHuman_0379 since it is negative ontrol genes. 
INFO  @ Wed, 16 Apr 2025 11:08:26:   Suppressing the output of gene NonTargetingControlGuideForHuman_0483 since it is negative ontrol genes. 
INFO  @ Wed, 16 Apr 2025 11:08:26:   Suppressing the output of gene NonTargetingControlGuideForHuman_0784 since it is negative ontrol genes. 
INFO  @ Wed, 16 Apr 2025 11:08:26:   Suppressing the output of gene NonTargetingControlGuideForHuman_0651 since it is negative ontrol genes. 
INFO  @ Wed, 16 Apr 2025 11:08:26:   Suppressing the output of gene NonTargetingControlGuideForHuman_0267 since it is negative ontrol genes. 
INFO  @ Wed, 16 Apr 2025 11:08:26:   Suppressing the output of gene NonTargetingControlGuideForHuman_0622 since it is negative ontrol genes. 
INFO  @ Wed, 16 Apr 2025 11:08:26:   Suppressing the output of gene NonTargetingControlGuideForHuman_0426 since it is negative ontrol genes. 
INFO  @ Wed, 16 Apr 2025 11:08:26:   Suppressing the output of gene NonTargetingControlGuideForHuman_0731 since it is negative ontrol genes. 
INFO  @ Wed, 16 Apr 2025 11:08:26:   Suppressing the output of gene NonTargetingControlGuideForHuman_0280 since it is negative ontrol genes. 
INFO  @ Wed, 16 Apr 2025 11:08:26:   Suppressing the output of gene NonTargetingControlGuideForHuman_0462 since it is negative ontrol genes. 
INFO  @ Wed, 16 Apr 2025 11:08:26:   Suppressing the output of gene NonTargetingControlGuideForHuman_0251 since it is negative ontrol genes. 
INFO  @ Wed, 16 Apr 2025 11:08:26:   Suppressing the output of gene NonTargetingControlGuideForHuman_0341 since it is negative ontrol genes. 
INFO  @ Wed, 16 Apr 2025 11:08:26:   Suppressing the output of gene NonTargetingControlGuideForHuman_0468 since it is negative ontrol genes. 
INFO  @ Wed, 16 Apr 2025 11:08:26:   Suppressing the output of gene NonTargetingControlGuideForHuman_0113 since it is negative ontrol genes. 
INFO  @ Wed, 16 Apr 2025 11:08:26:   Suppressing the output of gene NonTargetingControlGuideForHuman_0670 since it is negative ontrol genes. 
INFO  @ Wed, 16 Apr 2025 11:08:26:   Suppressing the output of gene NonTargetingControlGuideForHuman_0495 since it is negative ontrol genes. 
INFO  @ Wed, 16 Apr 2025 11:08:26:   Suppressing the output of gene NonTargetingControlGuideForHuman_0296 since it is negative ontrol genes. 
INFO  @ Wed, 16 Apr 2025 11:08:26:   Suppressing the output of gene NonTargetingControlGuideForHuman_0843 since it is negative ontrol genes. 
INFO  @ Wed, 16 Apr 2025 11:08:26:   Suppressing the output of gene NonTargetingControlGuideForHuman_0998 since it is negative ontrol genes. 
INFO  @ Wed, 16 Apr 2025 11:08:26:   Suppressing the output of gene NonTargetingControlGuideForHuman_0228 since it is negative ontrol genes. 
INFO  @ Wed, 16 Apr 2025 11:08:26:   Suppressing the output of gene NonTargetingControlGuideForHuman_0535 since it is negative ontrol genes. 
INFO  @ Wed, 16 Apr 2025 11:08:26:   Suppressing the output of gene NonTargetingControlGuideForHuman_0284 since it is negative ontrol genes. 
INFO  @ Wed, 16 Apr 2025 11:08:26:   Suppressing the output of gene NonTargetingControlGuideForHuman_0830 since it is negative ontrol genes. 
INFO  @ Wed, 16 Apr 2025 11:08:26:   Suppressing the output of gene NonTargetingControlGuideForHuman_0125 since it is negative ontrol genes. 
INFO  @ Wed, 16 Apr 2025 11:08:26:   Suppressing the output of gene NonTargetingControlGuideForHuman_0878 since it is negative ontrol genes. 
INFO  @ Wed, 16 Apr 2025 11:08:26:   Suppressing the output of gene NonTargetingControlGuideForHuman_0396 since it is negative ontrol genes. 
INFO  @ Wed, 16 Apr 2025 11:08:26:   Suppressing the output of gene NonTargetingControlGuideForHuman_0107 since it is negative ontrol genes. 
INFO  @ Wed, 16 Apr 2025 11:08:26:   Suppressing the output of gene NonTargetingControlGuideForHuman_0990 since it is negative ontrol genes. 
INFO  @ Wed, 16 Apr 2025 11:08:26:   Suppressing the output of gene NonTargetingControlGuideForHuman_0706 since it is negative ontrol genes. 
INFO  @ Wed, 16 Apr 2025 11:08:26:   Suppressing the output of gene NonTargetingControlGuideForHuman_0563 since it is negative ontrol genes. 
INFO  @ Wed, 16 Apr 2025 11:08:26:   Suppressing the output of gene NonTargetingControlGuideForHuman_0988 since it is negative ontrol genes. 
INFO  @ Wed, 16 Apr 2025 11:08:26:   Suppressing the output of gene NonTargetingControlGuideForHuman_0532 since it is negative ontrol genes. 
INFO  @ Wed, 16 Apr 2025 11:08:26:   Suppressing the output of gene NonTargetingControlGuideForHuman_0627 since it is negative ontrol genes. 
INFO  @ Wed, 16 Apr 2025 11:08:26:   Suppressing the output of gene NonTargetingControlGuideForHuman_0028 since it is negative ontrol genes. 
INFO  @ Wed, 16 Apr 2025 11:08:26:   Suppressing the output of gene NonTargetingControlGuideForHuman_0041 since it is negative ontrol genes. 
INFO  @ Wed, 16 Apr 2025 11:08:26:   Suppressing the output of gene NonTargetingControlGuideForHuman_0397 since it is negative ontrol genes. 
INFO  @ Wed, 16 Apr 2025 11:08:26:   Suppressing the output of gene NonTargetingControlGuideForHuman_0932 since it is negative ontrol genes. 
INFO  @ Wed, 16 Apr 2025 11:08:26:   Suppressing the output of gene NonTargetingControlGuideForHuman_0743 since it is negative ontrol genes. 
INFO  @ Wed, 16 Apr 2025 11:08:26:   Suppressing the output of gene NonTargetingControlGuideForHuman_0060 since it is negative ontrol genes. 
INFO  @ Wed, 16 Apr 2025 11:08:26:   Suppressing the output of gene NonTargetingControlGuideForHuman_0605 since it is negative ontrol genes. 
INFO  @ Wed, 16 Apr 2025 11:08:26:   Suppressing the output of gene NonTargetingControlGuideForHuman_0366 since it is negative ontrol genes. 
INFO  @ Wed, 16 Apr 2025 11:08:26:   Suppressing the output of gene NonTargetingControlGuideForHuman_0752 since it is negative ontrol genes. 
INFO  @ Wed, 16 Apr 2025 11:08:26:   Suppressing the output of gene NonTargetingControlGuideForHuman_0367 since it is negative ontrol genes. 
INFO  @ Wed, 16 Apr 2025 11:08:26:   Suppressing the output of gene NonTargetingControlGuideForHuman_0104 since it is negative ontrol genes. 
INFO  @ Wed, 16 Apr 2025 11:08:26:   Suppressing the output of gene NonTargetingControlGuideForHuman_0193 since it is negative ontrol genes. 
INFO  @ Wed, 16 Apr 2025 11:08:26:   Suppressing the output of gene NonTargetingControlGuideForHuman_0603 since it is negative ontrol genes. 
INFO  @ Wed, 16 Apr 2025 11:08:26:   Suppressing the output of gene NonTargetingControlGuideForHuman_0145 since it is negative ontrol genes. 
INFO  @ Wed, 16 Apr 2025 11:08:26:   Suppressing the output of gene NonTargetingControlGuideForHuman_0947 since it is negative ontrol genes. 
INFO  @ Wed, 16 Apr 2025 11:08:26:   Suppressing the output of gene NonTargetingControlGuideForHuman_0816 since it is negative ontrol genes. 
INFO  @ Wed, 16 Apr 2025 11:08:26:   Suppressing the output of gene NonTargetingControlGuideForHuman_0598 since it is negative ontrol genes. 
INFO  @ Wed, 16 Apr 2025 11:08:26:   Suppressing the output of gene NonTargetingControlGuideForHuman_0245 since it is negative ontrol genes. 
INFO  @ Wed, 16 Apr 2025 11:08:26:   Suppressing the output of gene NonTargetingControlGuideForHuman_0141 since it is negative ontrol genes. 
INFO  @ Wed, 16 Apr 2025 11:08:26:   Suppressing the output of gene NonTargetingControlGuideForHuman_0268 since it is negative ontrol genes. 
INFO  @ Wed, 16 Apr 2025 11:08:26:   Suppressing the output of gene NonTargetingControlGuideForHuman_0716 since it is negative ontrol genes. 
INFO  @ Wed, 16 Apr 2025 11:08:26:   Suppressing the output of gene NonTargetingControlGuideForHuman_0871 since it is negative ontrol genes. 
INFO  @ Wed, 16 Apr 2025 11:08:26:   Suppressing the output of gene NonTargetingControlGuideForHuman_0244 since it is negative ontrol genes. 
INFO  @ Wed, 16 Apr 2025 11:08:26:   Suppressing the output of gene NonTargetingControlGuideForHuman_0924 since it is negative ontrol genes. 
INFO  @ Wed, 16 Apr 2025 11:08:26:   Suppressing the output of gene NonTargetingControlGuideForHuman_0614 since it is negative ontrol genes. 
INFO  @ Wed, 16 Apr 2025 11:08:26:   Suppressing the output of gene NonTargetingControlGuideForHuman_0230 since it is negative ontrol genes. 
INFO  @ Wed, 16 Apr 2025 11:08:26:   Suppressing the output of gene NonTargetingControlGuideForHuman_0418 since it is negative ontrol genes. 
INFO  @ Wed, 16 Apr 2025 11:08:26:   Suppressing the output of gene NonTargetingControlGuideForHuman_0184 since it is negative ontrol genes. 
INFO  @ Wed, 16 Apr 2025 11:08:26:   Suppressing the output of gene NonTargetingControlGuideForHuman_0375 since it is negative ontrol genes. 
INFO  @ Wed, 16 Apr 2025 11:08:26:   Suppressing the output of gene NonTargetingControlGuideForHuman_0126 since it is negative ontrol genes. 
INFO  @ Wed, 16 Apr 2025 11:08:26:   Suppressing the output of gene NonTargetingControlGuideForHuman_0788 since it is negative ontrol genes. 
INFO  @ Wed, 16 Apr 2025 11:08:26:   Suppressing the output of gene NonTargetingControlGuideForHuman_0610 since it is negative ontrol genes. 
INFO  @ Wed, 16 Apr 2025 11:08:26:   Suppressing the output of gene NonTargetingControlGuideForHuman_0596 since it is negative ontrol genes. 
INFO  @ Wed, 16 Apr 2025 11:08:26:   Suppressing the output of gene NonTargetingControlGuideForHuman_0271 since it is negative ontrol genes. 
INFO  @ Wed, 16 Apr 2025 11:08:26:   Suppressing the output of gene NonTargetingControlGuideForHuman_0139 since it is negative ontrol genes. 
INFO  @ Wed, 16 Apr 2025 11:08:26:   Suppressing the output of gene NonTargetingControlGuideForHuman_0343 since it is negative ontrol genes. 
INFO  @ Wed, 16 Apr 2025 11:08:26:   Suppressing the output of gene NonTargetingControlGuideForHuman_0003 since it is negative ontrol genes. 
INFO  @ Wed, 16 Apr 2025 11:08:26:   Suppressing the output of gene NonTargetingControlGuideForHuman_0639 since it is negative ontrol genes. 
INFO  @ Wed, 16 Apr 2025 11:08:26:   Suppressing the output of gene NonTargetingControlGuideForHuman_0742 since it is negative ontrol genes. 
INFO  @ Wed, 16 Apr 2025 11:08:26:   Suppressing the output of gene NonTargetingControlGuideForHuman_0831 since it is negative ontrol genes. 
INFO  @ Wed, 16 Apr 2025 11:08:26:   Suppressing the output of gene NonTargetingControlGuideForHuman_0102 since it is negative ontrol genes. 
INFO  @ Wed, 16 Apr 2025 11:08:26:   Suppressing the output of gene NonTargetingControlGuideForHuman_0277 since it is negative ontrol genes. 
INFO  @ Wed, 16 Apr 2025 11:08:26:   Suppressing the output of gene NonTargetingControlGuideForHuman_0557 since it is negative ontrol genes. 
INFO  @ Wed, 16 Apr 2025 11:08:26:   Suppressing the output of gene NonTargetingControlGuideForHuman_0290 since it is negative ontrol genes. 
INFO  @ Wed, 16 Apr 2025 11:08:26:   Suppressing the output of gene NonTargetingControlGuideForHuman_0043 since it is negative ontrol genes. 
INFO  @ Wed, 16 Apr 2025 11:08:26:   Suppressing the output of gene NonTargetingControlGuideForHuman_0052 since it is negative ontrol genes. 
INFO  @ Wed, 16 Apr 2025 11:08:26:   Suppressing the output of gene NonTargetingControlGuideForHuman_0432 since it is negative ontrol genes. 
INFO  @ Wed, 16 Apr 2025 11:08:26:   Suppressing the output of gene NonTargetingControlGuideForHuman_0316 since it is negative ontrol genes. 
INFO  @ Wed, 16 Apr 2025 11:08:26:   Suppressing the output of gene NonTargetingControlGuideForHuman_0374 since it is negative ontrol genes. 
INFO  @ Wed, 16 Apr 2025 11:08:26:   RRA completed. 
INFO  @ Wed, 16 Apr 2025 11:08:26:   Groups deletion complete. 
INFO  @ Wed, 16 Apr 2025 11:08:26:   Lists deletion complete. 
INFO  @ Wed, 16 Apr 2025 11:08:26:   ControlSeqPercentile deletion complete. 
INFO  @ Wed, 16 Apr 2025 11:08:26:    
INFO  @ Wed, 16 Apr 2025 11:08:26: End command message. 
INFO  @ Wed, 16 Apr 2025 11:08:26: Running command: RRA -i Results/mageckInputSecondary.phigh.txt -o Results/mageckInputSecondary.gene.high.txt -p 0.44025157232704404 --control Results/mageckInputSecondary.negctrl_ids.txt --skip-gene NA --skip-gene na  
INFO  @ Wed, 16 Apr 2025 11:08:26: Command message: 
INFO  @ Wed, 16 Apr 2025 11:08:26:   Welcome to RRA v 0.5.9. 
INFO  @ Wed, 16 Apr 2025 11:08:26:   283 control sequences loaded. 
INFO  @ Wed, 16 Apr 2025 11:08:26:   Skipping gene NA for permutation ... 
INFO  @ Wed, 16 Apr 2025 11:08:26:   Skipping gene na for permutation ... 
INFO  @ Wed, 16 Apr 2025 11:08:26:   Reading input file... 
INFO  @ Wed, 16 Apr 2025 11:08:26:   Summary: 2226 sgRNAs, 310 genes, 1 lists; skipped sgRNAs:0 
INFO  @ Wed, 16 Apr 2025 11:08:26:   Computing lo-values for each group... 
INFO  @ Wed, 16 Apr 2025 11:08:26:   Skipping gene NonTargetingControlGuideForHuman_0316 for permutation ... 
INFO  @ Wed, 16 Apr 2025 11:08:26:   Skipping gene NonTargetingControlGuideForHuman_0244 for permutation ... 
INFO  @ Wed, 16 Apr 2025 11:08:26:   Skipping gene NonTargetingControlGuideForHuman_0596 for permutation ... 
INFO  @ Wed, 16 Apr 2025 11:08:26:   Skipping gene NonTargetingControlGuideForHuman_0788 for permutation ... 
INFO  @ Wed, 16 Apr 2025 11:08:26:   Skipping gene NonTargetingControlGuideForHuman_0102 for permutation ... 
INFO  @ Wed, 16 Apr 2025 11:08:26:   Skipping gene NonTargetingControlGuideForHuman_0639 for permutation ... 
INFO  @ Wed, 16 Apr 2025 11:08:26:   Skipping gene NonTargetingControlGuideForHuman_0988 for permutation ... 
INFO  @ Wed, 16 Apr 2025 11:08:26:   Skipping gene NonTargetingControlGuideForHuman_0374 for permutation ... 
INFO  @ Wed, 16 Apr 2025 11:08:26:   Skipping gene NonTargetingControlGuideForHuman_0396 for permutation ... 
INFO  @ Wed, 16 Apr 2025 11:08:26:   Skipping gene NonTargetingControlGuideForHuman_0141 for permutation ... 
INFO  @ Wed, 16 Apr 2025 11:08:26:   Skipping gene NonTargetingControlGuideForHuman_0432 for permutation ... 
INFO  @ Wed, 16 Apr 2025 11:08:26:   Skipping gene NonTargetingControlGuideForHuman_0495 for permutation ... 
INFO  @ Wed, 16 Apr 2025 11:08:26:   Skipping gene NonTargetingControlGuideForHuman_0052 for permutation ... 
INFO  @ Wed, 16 Apr 2025 11:08:26:   Skipping gene NonTargetingControlGuideForHuman_0878 for permutation ... 
INFO  @ Wed, 16 Apr 2025 11:08:26:   Skipping gene NonTargetingControlGuideForHuman_0277 for permutation ... 
INFO  @ Wed, 16 Apr 2025 11:08:26:   Skipping gene NonTargetingControlGuideForHuman_0043 for permutation ... 
INFO  @ Wed, 16 Apr 2025 11:08:26:   Skipping gene NonTargetingControlGuideForHuman_0003 for permutation ... 
INFO  @ Wed, 16 Apr 2025 11:08:26:   Skipping gene NonTargetingControlGuideForHuman_0610 for permutation ... 
INFO  @ Wed, 16 Apr 2025 11:08:26:   Skipping gene NonTargetingControlGuideForHuman_0831 for permutation ... 
INFO  @ Wed, 16 Apr 2025 11:08:26:   Skipping gene NonTargetingControlGuideForHuman_0375 for permutation ... 
INFO  @ Wed, 16 Apr 2025 11:08:26:   Skipping gene NonTargetingControlGuideForHuman_0104 for permutation ... 
INFO  @ Wed, 16 Apr 2025 11:08:26:   Skipping gene NonTargetingControlGuideForHuman_0468 for permutation ... 
INFO  @ Wed, 16 Apr 2025 11:08:26:   Skipping gene NonTargetingControlGuideForHuman_0418 for permutation ... 
INFO  @ Wed, 16 Apr 2025 11:08:26:   Skipping gene NonTargetingControlGuideForHuman_0343 for permutation ... 
INFO  @ Wed, 16 Apr 2025 11:08:26:   Skipping gene NonTargetingControlGuideForHuman_0290 for permutation ... 
INFO  @ Wed, 16 Apr 2025 11:08:26:   Skipping gene NonTargetingControlGuideForHuman_0557 for permutation ... 
INFO  @ Wed, 16 Apr 2025 11:08:26:   Skipping gene NonTargetingControlGuideForHuman_0843 for permutation ... 
INFO  @ Wed, 16 Apr 2025 11:08:26:   Skipping gene NonTargetingControlGuideForHuman_0743 for permutation ... 
INFO  @ Wed, 16 Apr 2025 11:08:26:   Skipping gene NonTargetingControlGuideForHuman_0271 for permutation ... 
INFO  @ Wed, 16 Apr 2025 11:08:26:   Skipping gene NonTargetingControlGuideForHuman_0280 for permutation ... 
INFO  @ Wed, 16 Apr 2025 11:08:26:   Skipping gene NonTargetingControlGuideForHuman_0932 for permutation ... 
INFO  @ Wed, 16 Apr 2025 11:08:26:   Skipping gene NonTargetingControlGuideForHuman_0816 for permutation ... 
INFO  @ Wed, 16 Apr 2025 11:08:26:   Skipping gene NonTargetingControlGuideForHuman_0060 for permutation ... 
INFO  @ Wed, 16 Apr 2025 11:08:26:   Skipping gene NonTargetingControlGuideForHuman_0603 for permutation ... 
INFO  @ Wed, 16 Apr 2025 11:08:26:   Skipping gene NonTargetingControlGuideForHuman_0605 for permutation ... 
INFO  @ Wed, 16 Apr 2025 11:08:26:   Skipping gene NonTargetingControlGuideForHuman_0126 for permutation ... 
INFO  @ Wed, 16 Apr 2025 11:08:26:   Skipping gene NonTargetingControlGuideForHuman_0716 for permutation ... 
INFO  @ Wed, 16 Apr 2025 11:08:26:   Skipping gene NonTargetingControlGuideForHuman_0532 for permutation ... 
INFO  @ Wed, 16 Apr 2025 11:08:26:   Skipping gene NonTargetingControlGuideForHuman_0184 for permutation ... 
INFO  @ Wed, 16 Apr 2025 11:08:26:   Skipping gene NonTargetingControlGuideForHuman_0397 for permutation ... 
INFO  @ Wed, 16 Apr 2025 11:08:26:   Skipping gene NonTargetingControlGuideForHuman_0267 for permutation ... 
INFO  @ Wed, 16 Apr 2025 11:08:26:   Skipping gene NonTargetingControlGuideForHuman_0871 for permutation ... 
INFO  @ Wed, 16 Apr 2025 11:08:26:   Skipping gene NonTargetingControlGuideForHuman_0924 for permutation ... 
INFO  @ Wed, 16 Apr 2025 11:08:26:   Skipping gene NonTargetingControlGuideForHuman_0947 for permutation ... 
INFO  @ Wed, 16 Apr 2025 11:08:26:   Skipping gene NonTargetingControlGuideForHuman_0230 for permutation ... 
INFO  @ Wed, 16 Apr 2025 11:08:26:   Skipping gene NonTargetingControlGuideForHuman_0742 for permutation ... 
INFO  @ Wed, 16 Apr 2025 11:08:26:   Skipping gene NonTargetingControlGuideForHuman_0125 for permutation ... 
INFO  @ Wed, 16 Apr 2025 11:08:26:   Skipping gene NonTargetingControlGuideForHuman_0998 for permutation ... 
INFO  @ Wed, 16 Apr 2025 11:08:26:   Skipping gene NonTargetingControlGuideForHuman_0228 for permutation ... 
INFO  @ Wed, 16 Apr 2025 11:08:26:   Skipping gene NonTargetingControlGuideForHuman_0990 for permutation ... 
INFO  @ Wed, 16 Apr 2025 11:08:26:   Skipping gene NonTargetingControlGuideForHuman_0139 for permutation ... 
INFO  @ Wed, 16 Apr 2025 11:08:26:   Skipping gene NonTargetingControlGuideForHuman_0041 for permutation ... 
INFO  @ Wed, 16 Apr 2025 11:08:26:   Skipping gene NonTargetingControlGuideForHuman_0296 for permutation ... 
INFO  @ Wed, 16 Apr 2025 11:08:26:   Skipping gene NonTargetingControlGuideForHuman_0622 for permutation ... 
INFO  @ Wed, 16 Apr 2025 11:08:26:   Skipping gene NonTargetingControlGuideForHuman_0535 for permutation ... 
INFO  @ Wed, 16 Apr 2025 11:08:26:   Skipping gene NonTargetingControlGuideForHuman_0483 for permutation ... 
INFO  @ Wed, 16 Apr 2025 11:08:26:   Skipping gene NonTargetingControlGuideForHuman_0251 for permutation ... 
INFO  @ Wed, 16 Apr 2025 11:08:26:   Skipping gene NonTargetingControlGuideForHuman_0731 for permutation ... 
INFO  @ Wed, 16 Apr 2025 11:08:26:   Skipping gene NonTargetingControlGuideForHuman_0598 for permutation ... 
INFO  @ Wed, 16 Apr 2025 11:08:26:   Skipping gene NonTargetingControlGuideForHuman_0614 for permutation ... 
INFO  @ Wed, 16 Apr 2025 11:08:26:   Skipping gene NonTargetingControlGuideForHuman_0145 for permutation ... 
INFO  @ Wed, 16 Apr 2025 11:08:26:   Skipping gene NonTargetingControlGuideForHuman_0245 for permutation ... 
INFO  @ Wed, 16 Apr 2025 11:08:26:   Skipping gene NonTargetingControlGuideForHuman_0367 for permutation ... 
INFO  @ Wed, 16 Apr 2025 11:08:26:   Skipping gene NonTargetingControlGuideForHuman_0113 for permutation ... 
INFO  @ Wed, 16 Apr 2025 11:08:26:   Skipping gene NonTargetingControlGuideForHuman_0341 for permutation ... 
INFO  @ Wed, 16 Apr 2025 11:08:26:   Skipping gene NonTargetingControlGuideForHuman_0706 for permutation ... 
INFO  @ Wed, 16 Apr 2025 11:08:26:   Skipping gene NonTargetingControlGuideForHuman_0830 for permutation ... 
INFO  @ Wed, 16 Apr 2025 11:08:26:   Skipping gene NonTargetingControlGuideForHuman_0627 for permutation ... 
INFO  @ Wed, 16 Apr 2025 11:08:26:   Skipping gene NonTargetingControlGuideForHuman_0284 for permutation ... 
INFO  @ Wed, 16 Apr 2025 11:08:26:   Skipping gene NonTargetingControlGuideForHuman_0379 for permutation ... 
INFO  @ Wed, 16 Apr 2025 11:08:26:   Skipping gene NonTargetingControlGuideForHuman_0193 for permutation ... 
INFO  @ Wed, 16 Apr 2025 11:08:26:   Skipping gene NonTargetingControlGuideForHuman_0268 for permutation ... 
INFO  @ Wed, 16 Apr 2025 11:08:26:   Skipping gene NonTargetingControlGuideForHuman_0426 for permutation ... 
INFO  @ Wed, 16 Apr 2025 11:08:26:   Skipping gene NonTargetingControlGuideForHuman_0366 for permutation ... 
INFO  @ Wed, 16 Apr 2025 11:08:26:   Skipping gene NonTargetingControlGuideForHuman_0752 for permutation ... 
INFO  @ Wed, 16 Apr 2025 11:08:26:   Skipping gene NonTargetingControlGuideForHuman_0580 for permutation ... 
INFO  @ Wed, 16 Apr 2025 11:08:26:   Skipping gene NonTargetingControlGuideForHuman_0651 for permutation ... 
INFO  @ Wed, 16 Apr 2025 11:08:26:   Skipping gene NonTargetingControlGuideForHuman_0462 for permutation ... 
INFO  @ Wed, 16 Apr 2025 11:08:26:   Skipping gene NonTargetingControlGuideForHuman_0670 for permutation ... 
INFO  @ Wed, 16 Apr 2025 11:08:26:   Skipping gene NonTargetingControlGuideForHuman_0563 for permutation ... 
INFO  @ Wed, 16 Apr 2025 11:08:26:   Skipping gene NonTargetingControlGuideForHuman_0028 for permutation ... 
INFO  @ Wed, 16 Apr 2025 11:08:26:   Skipping gene NonTargetingControlGuideForHuman_0319 for permutation ... 
INFO  @ Wed, 16 Apr 2025 11:08:26:   Skipping gene NonTargetingControlGuideForHuman_0784 for permutation ... 
INFO  @ Wed, 16 Apr 2025 11:08:26:   Skipping gene NonTargetingControlGuideForHuman_0107 for permutation ... 
INFO  @ Wed, 16 Apr 2025 11:08:26:   Skipping gene NonTargetingControlGuideForHuman_0414 for permutation ... 
INFO  @ Wed, 16 Apr 2025 11:08:26:   Skipping gene NonTargetingControlGuideForHuman_0950 for permutation ... 
INFO  @ Wed, 16 Apr 2025 11:08:26:   Skipping gene NonTargetingControlGuideForHuman_0798 for permutation ... 
INFO  @ Wed, 16 Apr 2025 11:08:26:   Skipping gene NonTargetingControlGuideForHuman_0302 for permutation ... 
INFO  @ Wed, 16 Apr 2025 11:08:26:   Skipping gene NonTargetingControlGuideForHuman_0438 for permutation ... 
INFO  @ Wed, 16 Apr 2025 11:08:26:   Skipping gene NonTargetingControlGuideForHuman_0693 for permutation ... 
INFO  @ Wed, 16 Apr 2025 11:08:26:   Skipping gene NonTargetingControlGuideForHuman_0151 for permutation ... 
INFO  @ Wed, 16 Apr 2025 11:08:26:   Skipping gene NonTargetingControlGuideForHuman_0960 for permutation ... 
INFO  @ Wed, 16 Apr 2025 11:08:26:   Skipping gene NonTargetingControlGuideForHuman_0961 for permutation ... 
INFO  @ Wed, 16 Apr 2025 11:08:26:   Skipping gene NonTargetingControlGuideForHuman_0273 for permutation ... 
INFO  @ Wed, 16 Apr 2025 11:08:26:   Warning: sgRNA  not found in the ranked list.  
INFO  @ Wed, 16 Apr 2025 11:08:26:   Computing false discovery rate... 
INFO  @ Wed, 16 Apr 2025 11:08:26:   Increase the number of permutations to 323 to get precise p values. To avoid this, use the --permutation option. 
INFO  @ Wed, 16 Apr 2025 11:08:26:   Total # control sgRNAs: 282 
INFO  @ Wed, 16 Apr 2025 11:08:26:   Permuting genes with 9 sgRNAs... 
INFO  @ Wed, 16 Apr 2025 11:08:26:   Number of genes under FDR adjustment: 310 
INFO  @ Wed, 16 Apr 2025 11:08:26:   Saving to output file... 
INFO  @ Wed, 16 Apr 2025 11:08:26:   Suppressing the output of gene NonTargetingControlGuideForHuman_0374 since it is negative ontrol genes. 
INFO  @ Wed, 16 Apr 2025 11:08:26:   Suppressing the output of gene NonTargetingControlGuideForHuman_0316 since it is negative ontrol genes. 
INFO  @ Wed, 16 Apr 2025 11:08:26:   Suppressing the output of gene NonTargetingControlGuideForHuman_0432 since it is negative ontrol genes. 
INFO  @ Wed, 16 Apr 2025 11:08:26:   Suppressing the output of gene NonTargetingControlGuideForHuman_0052 since it is negative ontrol genes. 
INFO  @ Wed, 16 Apr 2025 11:08:26:   Suppressing the output of gene NonTargetingControlGuideForHuman_0043 since it is negative ontrol genes. 
INFO  @ Wed, 16 Apr 2025 11:08:26:   Suppressing the output of gene NonTargetingControlGuideForHuman_0290 since it is negative ontrol genes. 
INFO  @ Wed, 16 Apr 2025 11:08:26:   Suppressing the output of gene NonTargetingControlGuideForHuman_0557 since it is negative ontrol genes. 
INFO  @ Wed, 16 Apr 2025 11:08:26:   Suppressing the output of gene NonTargetingControlGuideForHuman_0277 since it is negative ontrol genes. 
INFO  @ Wed, 16 Apr 2025 11:08:26:   Suppressing the output of gene NonTargetingControlGuideForHuman_0988 since it is negative ontrol genes. 
INFO  @ Wed, 16 Apr 2025 11:08:26:   Suppressing the output of gene NonTargetingControlGuideForHuman_0102 since it is negative ontrol genes. 
INFO  @ Wed, 16 Apr 2025 11:08:26:   Suppressing the output of gene NonTargetingControlGuideForHuman_0831 since it is negative ontrol genes. 
INFO  @ Wed, 16 Apr 2025 11:08:26:   Suppressing the output of gene NonTargetingControlGuideForHuman_0742 since it is negative ontrol genes. 
INFO  @ Wed, 16 Apr 2025 11:08:26:   Suppressing the output of gene NonTargetingControlGuideForHuman_0639 since it is negative ontrol genes. 
INFO  @ Wed, 16 Apr 2025 11:08:26:   Suppressing the output of gene NonTargetingControlGuideForHuman_0003 since it is negative ontrol genes. 
INFO  @ Wed, 16 Apr 2025 11:08:26:   Suppressing the output of gene NonTargetingControlGuideForHuman_0788 since it is negative ontrol genes. 
INFO  @ Wed, 16 Apr 2025 11:08:26:   Suppressing the output of gene NonTargetingControlGuideForHuman_0468 since it is negative ontrol genes. 
INFO  @ Wed, 16 Apr 2025 11:08:26:   Suppressing the output of gene NonTargetingControlGuideForHuman_0343 since it is negative ontrol genes. 
INFO  @ Wed, 16 Apr 2025 11:08:26:   Suppressing the output of gene NonTargetingControlGuideForHuman_0244 since it is negative ontrol genes. 
INFO  @ Wed, 16 Apr 2025 11:08:26:   Suppressing the output of gene NonTargetingControlGuideForHuman_0375 since it is negative ontrol genes. 
INFO  @ Wed, 16 Apr 2025 11:08:26:   Suppressing the output of gene NonTargetingControlGuideForHuman_0596 since it is negative ontrol genes. 
INFO  @ Wed, 16 Apr 2025 11:08:26:   Suppressing the output of gene NonTargetingControlGuideForHuman_0418 since it is negative ontrol genes. 
INFO  @ Wed, 16 Apr 2025 11:08:26:   Suppressing the output of gene NonTargetingControlGuideForHuman_0230 since it is negative ontrol genes. 
INFO  @ Wed, 16 Apr 2025 11:08:26:   Suppressing the output of gene NonTargetingControlGuideForHuman_0716 since it is negative ontrol genes. 
INFO  @ Wed, 16 Apr 2025 11:08:26:   Suppressing the output of gene NonTargetingControlGuideForHuman_0184 since it is negative ontrol genes. 
INFO  @ Wed, 16 Apr 2025 11:08:26:   Suppressing the output of gene NonTargetingControlGuideForHuman_0396 since it is negative ontrol genes. 
INFO  @ Wed, 16 Apr 2025 11:08:26:   Suppressing the output of gene NonTargetingControlGuideForHuman_0141 since it is negative ontrol genes. 
INFO  @ Wed, 16 Apr 2025 11:08:26:   Suppressing the output of gene NonTargetingControlGuideForHuman_0603 since it is negative ontrol genes. 
INFO  @ Wed, 16 Apr 2025 11:08:26:   Suppressing the output of gene NonTargetingControlGuideForHuman_0990 since it is negative ontrol genes. 
INFO  @ Wed, 16 Apr 2025 11:08:26:   Suppressing the output of gene NonTargetingControlGuideForHuman_0495 since it is negative ontrol genes. 
INFO  @ Wed, 16 Apr 2025 11:08:26:   Suppressing the output of gene NonTargetingControlGuideForHuman_0924 since it is negative ontrol genes. 
INFO  @ Wed, 16 Apr 2025 11:08:26:   Suppressing the output of gene NonTargetingControlGuideForHuman_0126 since it is negative ontrol genes. 
INFO  @ Wed, 16 Apr 2025 11:08:26:   Suppressing the output of gene NonTargetingControlGuideForHuman_0104 since it is negative ontrol genes. 
INFO  @ Wed, 16 Apr 2025 11:08:26:   Suppressing the output of gene NonTargetingControlGuideForHuman_0271 since it is negative ontrol genes. 
INFO  @ Wed, 16 Apr 2025 11:08:26:   Suppressing the output of gene NonTargetingControlGuideForHuman_0878 since it is negative ontrol genes. 
INFO  @ Wed, 16 Apr 2025 11:08:26:   Suppressing the output of gene NonTargetingControlGuideForHuman_0060 since it is negative ontrol genes. 
INFO  @ Wed, 16 Apr 2025 11:08:26:   Suppressing the output of gene NonTargetingControlGuideForHuman_0816 since it is negative ontrol genes. 
INFO  @ Wed, 16 Apr 2025 11:08:26:   Suppressing the output of gene NonTargetingControlGuideForHuman_0610 since it is negative ontrol genes. 
INFO  @ Wed, 16 Apr 2025 11:08:26:   Suppressing the output of gene NonTargetingControlGuideForHuman_0843 since it is negative ontrol genes. 
INFO  @ Wed, 16 Apr 2025 11:08:26:   Suppressing the output of gene NonTargetingControlGuideForHuman_0743 since it is negative ontrol genes. 
INFO  @ Wed, 16 Apr 2025 11:08:26:   Suppressing the output of gene NonTargetingControlGuideForHuman_0280 since it is negative ontrol genes. 
INFO  @ Wed, 16 Apr 2025 11:08:26:   Suppressing the output of gene NonTargetingControlGuideForHuman_0932 since it is negative ontrol genes. 
INFO  @ Wed, 16 Apr 2025 11:08:26:   Suppressing the output of gene NonTargetingControlGuideForHuman_0605 since it is negative ontrol genes. 
INFO  @ Wed, 16 Apr 2025 11:08:26:   Suppressing the output of gene NonTargetingControlGuideForHuman_0532 since it is negative ontrol genes. 
INFO  @ Wed, 16 Apr 2025 11:08:26:   Suppressing the output of gene NonTargetingControlGuideForHuman_0397 since it is negative ontrol genes. 
INFO  @ Wed, 16 Apr 2025 11:08:26:   Suppressing the output of gene NonTargetingControlGuideForHuman_0267 since it is negative ontrol genes. 
INFO  @ Wed, 16 Apr 2025 11:08:26:   Suppressing the output of gene NonTargetingControlGuideForHuman_0871 since it is negative ontrol genes. 
INFO  @ Wed, 16 Apr 2025 11:08:26:   Suppressing the output of gene NonTargetingControlGuideForHuman_0947 since it is negative ontrol genes. 
INFO  @ Wed, 16 Apr 2025 11:08:26:   Suppressing the output of gene NonTargetingControlGuideForHuman_0125 since it is negative ontrol genes. 
INFO  @ Wed, 16 Apr 2025 11:08:26:   Suppressing the output of gene NonTargetingControlGuideForHuman_0998 since it is negative ontrol genes. 
INFO  @ Wed, 16 Apr 2025 11:08:26:   Suppressing the output of gene NonTargetingControlGuideForHuman_0228 since it is negative ontrol genes. 
INFO  @ Wed, 16 Apr 2025 11:08:26:   Suppressing the output of gene NonTargetingControlGuideForHuman_0139 since it is negative ontrol genes. 
INFO  @ Wed, 16 Apr 2025 11:08:26:   Suppressing the output of gene NonTargetingControlGuideForHuman_0041 since it is negative ontrol genes. 
INFO  @ Wed, 16 Apr 2025 11:08:26:   Suppressing the output of gene NonTargetingControlGuideForHuman_0296 since it is negative ontrol genes. 
INFO  @ Wed, 16 Apr 2025 11:08:26:   Suppressing the output of gene NonTargetingControlGuideForHuman_0622 since it is negative ontrol genes. 
INFO  @ Wed, 16 Apr 2025 11:08:26:   Suppressing the output of gene NonTargetingControlGuideForHuman_0535 since it is negative ontrol genes. 
INFO  @ Wed, 16 Apr 2025 11:08:26:   Suppressing the output of gene NonTargetingControlGuideForHuman_0483 since it is negative ontrol genes. 
INFO  @ Wed, 16 Apr 2025 11:08:26:   Suppressing the output of gene NonTargetingControlGuideForHuman_0251 since it is negative ontrol genes. 
INFO  @ Wed, 16 Apr 2025 11:08:26:   Suppressing the output of gene NonTargetingControlGuideForHuman_0731 since it is negative ontrol genes. 
INFO  @ Wed, 16 Apr 2025 11:08:26:   Suppressing the output of gene NonTargetingControlGuideForHuman_0598 since it is negative ontrol genes. 
INFO  @ Wed, 16 Apr 2025 11:08:26:   Suppressing the output of gene NonTargetingControlGuideForHuman_0614 since it is negative ontrol genes. 
INFO  @ Wed, 16 Apr 2025 11:08:26:   Suppressing the output of gene NonTargetingControlGuideForHuman_0145 since it is negative ontrol genes. 
INFO  @ Wed, 16 Apr 2025 11:08:26:   Suppressing the output of gene NonTargetingControlGuideForHuman_0245 since it is negative ontrol genes. 
INFO  @ Wed, 16 Apr 2025 11:08:26:   Suppressing the output of gene NonTargetingControlGuideForHuman_0367 since it is negative ontrol genes. 
INFO  @ Wed, 16 Apr 2025 11:08:26:   Suppressing the output of gene NonTargetingControlGuideForHuman_0113 since it is negative ontrol genes. 
INFO  @ Wed, 16 Apr 2025 11:08:26:   Suppressing the output of gene NonTargetingControlGuideForHuman_0341 since it is negative ontrol genes. 
INFO  @ Wed, 16 Apr 2025 11:08:26:   Suppressing the output of gene NonTargetingControlGuideForHuman_0706 since it is negative ontrol genes. 
INFO  @ Wed, 16 Apr 2025 11:08:26:   Suppressing the output of gene NonTargetingControlGuideForHuman_0830 since it is negative ontrol genes. 
INFO  @ Wed, 16 Apr 2025 11:08:26:   Suppressing the output of gene NonTargetingControlGuideForHuman_0627 since it is negative ontrol genes. 
INFO  @ Wed, 16 Apr 2025 11:08:26:   Suppressing the output of gene NonTargetingControlGuideForHuman_0284 since it is negative ontrol genes. 
INFO  @ Wed, 16 Apr 2025 11:08:26:   Suppressing the output of gene NonTargetingControlGuideForHuman_0379 since it is negative ontrol genes. 
INFO  @ Wed, 16 Apr 2025 11:08:26:   Suppressing the output of gene NonTargetingControlGuideForHuman_0193 since it is negative ontrol genes. 
INFO  @ Wed, 16 Apr 2025 11:08:26:   Suppressing the output of gene NonTargetingControlGuideForHuman_0268 since it is negative ontrol genes. 
INFO  @ Wed, 16 Apr 2025 11:08:26:   Suppressing the output of gene NonTargetingControlGuideForHuman_0426 since it is negative ontrol genes. 
INFO  @ Wed, 16 Apr 2025 11:08:26:   Suppressing the output of gene NonTargetingControlGuideForHuman_0366 since it is negative ontrol genes. 
INFO  @ Wed, 16 Apr 2025 11:08:26:   Suppressing the output of gene NonTargetingControlGuideForHuman_0752 since it is negative ontrol genes. 
INFO  @ Wed, 16 Apr 2025 11:08:26:   Suppressing the output of gene NonTargetingControlGuideForHuman_0580 since it is negative ontrol genes. 
INFO  @ Wed, 16 Apr 2025 11:08:26:   Suppressing the output of gene NonTargetingControlGuideForHuman_0651 since it is negative ontrol genes. 
INFO  @ Wed, 16 Apr 2025 11:08:26:   Suppressing the output of gene NonTargetingControlGuideForHuman_0462 since it is negative ontrol genes. 
INFO  @ Wed, 16 Apr 2025 11:08:26:   Suppressing the output of gene NonTargetingControlGuideForHuman_0670 since it is negative ontrol genes. 
INFO  @ Wed, 16 Apr 2025 11:08:26:   Suppressing the output of gene NonTargetingControlGuideForHuman_0563 since it is negative ontrol genes. 
INFO  @ Wed, 16 Apr 2025 11:08:26:   Suppressing the output of gene NonTargetingControlGuideForHuman_0028 since it is negative ontrol genes. 
INFO  @ Wed, 16 Apr 2025 11:08:26:   Suppressing the output of gene NonTargetingControlGuideForHuman_0319 since it is negative ontrol genes. 
INFO  @ Wed, 16 Apr 2025 11:08:26:   Suppressing the output of gene NonTargetingControlGuideForHuman_0784 since it is negative ontrol genes. 
INFO  @ Wed, 16 Apr 2025 11:08:26:   Suppressing the output of gene NonTargetingControlGuideForHuman_0107 since it is negative ontrol genes. 
INFO  @ Wed, 16 Apr 2025 11:08:26:   Suppressing the output of gene NonTargetingControlGuideForHuman_0414 since it is negative ontrol genes. 
INFO  @ Wed, 16 Apr 2025 11:08:26:   Suppressing the output of gene NonTargetingControlGuideForHuman_0950 since it is negative ontrol genes. 
INFO  @ Wed, 16 Apr 2025 11:08:26:   Suppressing the output of gene NonTargetingControlGuideForHuman_0798 since it is negative ontrol genes. 
INFO  @ Wed, 16 Apr 2025 11:08:26:   Suppressing the output of gene NonTargetingControlGuideForHuman_0302 since it is negative ontrol genes. 
INFO  @ Wed, 16 Apr 2025 11:08:26:   Suppressing the output of gene NonTargetingControlGuideForHuman_0438 since it is negative ontrol genes. 
INFO  @ Wed, 16 Apr 2025 11:08:26:   Suppressing the output of gene NonTargetingControlGuideForHuman_0693 since it is negative ontrol genes. 
INFO  @ Wed, 16 Apr 2025 11:08:26:   Suppressing the output of gene NonTargetingControlGuideForHuman_0151 since it is negative ontrol genes. 
INFO  @ Wed, 16 Apr 2025 11:08:26:   Suppressing the output of gene NonTargetingControlGuideForHuman_0960 since it is negative ontrol genes. 
INFO  @ Wed, 16 Apr 2025 11:08:26:   Suppressing the output of gene NonTargetingControlGuideForHuman_0961 since it is negative ontrol genes. 
INFO  @ Wed, 16 Apr 2025 11:08:26:   Suppressing the output of gene NonTargetingControlGuideForHuman_0273 since it is negative ontrol genes. 
INFO  @ Wed, 16 Apr 2025 11:08:26:   RRA completed. 
INFO  @ Wed, 16 Apr 2025 11:08:26:   Groups deletion complete. 
INFO  @ Wed, 16 Apr 2025 11:08:26:   Lists deletion complete. 
INFO  @ Wed, 16 Apr 2025 11:08:26:   ControlSeqPercentile deletion complete. 
INFO  @ Wed, 16 Apr 2025 11:08:26:    
INFO  @ Wed, 16 Apr 2025 11:08:26: End command message. 
DEBUG @ Wed, 16 Apr 2025 11:08:26: Sorting the merged items by negative selection... 
INFO  @ Wed, 16 Apr 2025 11:08:26: Loading top 10 genes from Results/mageckInputSecondary.gene.low.txt: SHFM1,SMARCB1,ATP6AP1,NXF1,GNB2L1,NXT1,CYP4F2,ASNA1,GLE1,COG4 
DEBUG @ Wed, 16 Apr 2025 11:08:26: Column index:3 
INFO  @ Wed, 16 Apr 2025 11:08:26: Loading top 10 genes from Results/mageckInputSecondary.gene.high.txt: NELFCD,NELFB,NELFA,DPY30,RBBP4,THTPA,MLX,EXOSC7,KLHL36,OR2T33 
DEBUG @ Wed, 16 Apr 2025 11:08:26: Column index:9 
INFO  @ Wed, 16 Apr 2025 11:08:26: Running command: rm Results/mageckInputSecondary.plow.txt 
INFO  @ Wed, 16 Apr 2025 11:08:26: Running command: rm Results/mageckInputSecondary.phigh.txt 
INFO  @ Wed, 16 Apr 2025 11:08:26: Running command: rm Results/mageckInputSecondary.gene.low.txt 
INFO  @ Wed, 16 Apr 2025 11:08:26: Running command: rm Results/mageckInputSecondary.gene.high.txt 
